Using pre-set license
Built from '2020.3/staging' branch; Version is '2020.3.13f1 (71691879b7f5) revision 7432472'; Using compiler version '192528614'; Build Type 'Release'
OS: 'Windows 10 Pro; OS build 19043.1110; Version 2009; 64bit' Language: 'ko' Physical Memory: 32676 MB
BatchMode: 1, IsHumanControllingUs: 0, StartBugReporterOnCrash: 0, Is64bit: 1, IsPro: 0

 COMMAND LINE ARGUMENTS:
E:\Unity\2020.3.13f1\Editor\Unity.exe
-adb2
-batchMode
-noUpm
-name
AssetImportWorker0
-projectPath
C:/UnityProject/Study/ZombieCityShooting
-logFile
Logs/AssetImportWorker0.log
-srvPort
10414
Successfully changed project path to: C:/UnityProject/Study/ZombieCityShooting
C:/UnityProject/Study/ZombieCityShooting
Using Asset Import Pipeline V2.
Refreshing native plugins compatible for Editor in 13.75 ms, found 0 plugins.
Preloading 0 native plugins for Editor in 0.00 ms.
Initialize engine version: 2020.3.13f1 (71691879b7f5)
[Subsystems] Discovering subsystems at path E:/Unity/2020.3.13f1/Editor/Data/Resources/UnitySubsystems
[Subsystems] Discovering subsystems at path C:/UnityProject/Study/ZombieCityShooting/Assets
GfxDevice: creating device client; threaded=0
Direct3D:
    Version:  Direct3D 11.0 [level 11.1]
    Renderer: NVIDIA GeForce GTX 1060 3GB (ID=0x1b84)
    Vendor:   
    VRAM:     2988 MB
    Driver:   27.21.14.5671
Initialize mono
Mono path[0] = 'E:/Unity/2020.3.13f1/Editor/Data/Managed'
Mono path[1] = 'E:/Unity/2020.3.13f1/Editor/Data/MonoBleedingEdge/lib/mono/unityjit'
Mono config path = 'E:/Unity/2020.3.13f1/Editor/Data/MonoBleedingEdge/etc'
Using monoOptions --debugger-agent=transport=dt_socket,embedding=1,server=y,suspend=n,address=127.0.0.1:56332
Begin MonoManager ReloadAssembly
Registering precompiled unity dll's ...
Register platform support module: E:/Unity/2020.3.13f1/Editor/Data/PlaybackEngines/WindowsStandaloneSupport/UnityEditor.WindowsStandalone.Extensions.dll
Registered in 0.000730 seconds.
Native extension for WindowsStandalone target not found
Refreshing native plugins compatible for Editor in 14.24 ms, found 0 plugins.
Preloading 0 native plugins for Editor in 0.00 ms.
Mono: successfully reloaded assembly
- Completed reload, in  1.239 seconds
Platform modules already initialized, skipping
Registering precompiled user dll's ...
Registered in 0.000489 seconds.
Begin MonoManager ReloadAssembly
Native extension for WindowsStandalone target not found
Refreshing native plugins compatible for Editor in 0.15 ms, found 0 plugins.
Preloading 0 native plugins for Editor in 0.00 ms.
Mono: successfully reloaded assembly
- Completed reload, in  0.515 seconds
Platform modules already initialized, skipping
========================================================================
Worker process is ready to serve import requests
Launched and connected shader compiler UnityShaderCompiler.exe after 0.03 seconds
Refreshing native plugins compatible for Editor in 0.12 ms, found 0 plugins.
Preloading 0 native plugins for Editor in 0.00 ms.
Unloading 645 Unused Serialized files (Serialized files now loaded: 0)
System memory in use before: 46.8 MB.
System memory in use after: 46.7 MB.

Unloading 9 unused Assets to reduce memory usage. Loaded Objects now: 1087.
Total: 1.295100 ms (FindLiveObjects: 0.080700 ms CreateObjectMapping: 0.017100 ms MarkObjects: 1.134200 ms  DeleteObjects: 0.062500 ms)

AssetImportParameters requested are different than current active one (requested -> active):
  custom:framework-win-MediaFoundation: 216162199b28c13a410421893ffa2e32 -> 
  custom:video-decoder-ogg-theora: a1e56fd34408186e4bbccfd4996cb3dc -> 
  custom:container-muxer-webm: aa71ff27fc2769a1b78a27578f13a17b -> 
  custom:container-demuxer-webm: 4f35f7cbe854078d1ac9338744f61a02 -> 
  custom:container-demuxer-ogg: 62fdf1f143b41e24485cea50d1cbac27 -> 
  custom:video-encoder-webm-vp8: eb34c28f22e8b96e1ab97ce403110664 -> 
  custom:video-decoder-webm-vp8: 9c59270c3fd7afecdb556c50c9e8de78 -> 
  custom:audio-decoder-ogg-vorbis: bf7c407c2cedff20999df2af8eb42d56 -> 
  custom:audio-encoder-webm-vorbis: bf7c407c2cedff20999df2af8eb42d56 -> 
========================================================================
Received Import Request.
  path: Assets/ToonyTinyPeople/TT_soldiers_Demo/Demo_sample_scene/animation_samples/weapon_idle.controller
  artifactKey: Guid(94d76f859419a5048a2d6cf80ef45f88) Importer(815301076,1909f56bfc062723c751e8b465ee728b)
Start importing Assets/ToonyTinyPeople/TT_soldiers_Demo/Demo_sample_scene/animation_samples/weapon_idle.controller using Guid(94d76f859419a5048a2d6cf80ef45f88) Importer(815301076,1909f56bfc062723c751e8b465ee728b)  -> (artifact id: 'b0fdcdc8eed4420fd9955ed2c79a6548') in 0.034057 seconds 
  Import took 0.035303 seconds .

========================================================================
Received Import Request.
  Time since last request: 40.856853 seconds.
  path: Assets/ToonyTinyPeople/TT_soldiers_Demo/animation/Gunplay.anim
  artifactKey: Guid(926b9a478ffe5cb4f868627a8b95324b) Importer(815301076,1909f56bfc062723c751e8b465ee728b)
Start importing Assets/ToonyTinyPeople/TT_soldiers_Demo/animation/Gunplay.anim using Guid(926b9a478ffe5cb4f868627a8b95324b) Importer(815301076,1909f56bfc062723c751e8b465ee728b)  -> (artifact id: 'f046abade360577374f7618bc228003a') in 0.007749 seconds 
  Import took 0.008971 seconds .

========================================================================
Received Prepare
Registering precompiled user dll's ...
Registered in 0.000374 seconds.
Begin MonoManager ReloadAssembly
Native extension for WindowsStandalone target not found
Refreshing native plugins compatible for Editor in 0.13 ms, found 0 plugins.
Preloading 0 native plugins for Editor in 0.00 ms.
Mono: successfully reloaded assembly
- Completed reload, in  0.521 seconds
Platform modules already initialized, skipping
Refreshing native plugins compatible for Editor in 0.12 ms, found 0 plugins.
Preloading 0 native plugins for Editor in 0.00 ms.
Unloading 640 Unused Serialized files (Serialized files now loaded: 0)
System memory in use before: 46.7 MB.
System memory in use after: 46.7 MB.

Unloading 5 unused Assets to reduce memory usage. Loaded Objects now: 1089.
Total: 1.189500 ms (FindLiveObjects: 0.080100 ms CreateObjectMapping: 0.017200 ms MarkObjects: 1.050700 ms  DeleteObjects: 0.040900 ms)

AssetImportParameters requested are different than current active one (requested -> active):
  custom:framework-win-MediaFoundation: 216162199b28c13a410421893ffa2e32 -> 
  custom:video-decoder-ogg-theora: a1e56fd34408186e4bbccfd4996cb3dc -> 
  custom:container-muxer-webm: aa71ff27fc2769a1b78a27578f13a17b -> 
  custom:container-demuxer-webm: 4f35f7cbe854078d1ac9338744f61a02 -> 
  custom:container-demuxer-ogg: 62fdf1f143b41e24485cea50d1cbac27 -> 
  custom:video-encoder-webm-vp8: eb34c28f22e8b96e1ab97ce403110664 -> 
  custom:video-decoder-webm-vp8: 9c59270c3fd7afecdb556c50c9e8de78 -> 
  custom:audio-decoder-ogg-vorbis: bf7c407c2cedff20999df2af8eb42d56 -> 
  custom:audio-encoder-webm-vorbis: bf7c407c2cedff20999df2af8eb42d56 -> 
========================================================================
Received Prepare
Registering precompiled user dll's ...
Registered in 0.000398 seconds.
Begin MonoManager ReloadAssembly
Native extension for WindowsStandalone target not found
Refreshing native plugins compatible for Editor in 0.13 ms, found 0 plugins.
Preloading 0 native plugins for Editor in 0.00 ms.
Mono: successfully reloaded assembly
- Completed reload, in  0.472 seconds
Platform modules already initialized, skipping
Refreshing native plugins compatible for Editor in 0.14 ms, found 0 plugins.
Preloading 0 native plugins for Editor in 0.00 ms.
Unloading 640 Unused Serialized files (Serialized files now loaded: 0)
System memory in use before: 46.7 MB.
System memory in use after: 46.7 MB.

Unloading 5 unused Assets to reduce memory usage. Loaded Objects now: 1091.
Total: 1.108800 ms (FindLiveObjects: 0.065100 ms CreateObjectMapping: 0.012200 ms MarkObjects: 0.991900 ms  DeleteObjects: 0.039100 ms)

AssetImportParameters requested are different than current active one (requested -> active):
  custom:framework-win-MediaFoundation: 216162199b28c13a410421893ffa2e32 -> 
  custom:video-decoder-ogg-theora: a1e56fd34408186e4bbccfd4996cb3dc -> 
  custom:container-muxer-webm: aa71ff27fc2769a1b78a27578f13a17b -> 
  custom:container-demuxer-webm: 4f35f7cbe854078d1ac9338744f61a02 -> 
  custom:container-demuxer-ogg: 62fdf1f143b41e24485cea50d1cbac27 -> 
  custom:video-encoder-webm-vp8: eb34c28f22e8b96e1ab97ce403110664 -> 
  custom:video-decoder-webm-vp8: 9c59270c3fd7afecdb556c50c9e8de78 -> 
  custom:audio-decoder-ogg-vorbis: bf7c407c2cedff20999df2af8eb42d56 -> 
  custom:audio-encoder-webm-vorbis: bf7c407c2cedff20999df2af8eb42d56 -> 
========================================================================
Received Import Request.
  Time since last request: 240.232590 seconds.
  path: Assets/ToonyTinyPeople/TT_soldiers_Demo/model/TT_SoliderAvatarMask.mask
  artifactKey: Guid(50866d72c8a8dc64ab88ff698cf12ea3) Importer(815301076,1909f56bfc062723c751e8b465ee728b)
Start importing Assets/ToonyTinyPeople/TT_soldiers_Demo/model/TT_SoliderAvatarMask.mask using Guid(50866d72c8a8dc64ab88ff698cf12ea3) Importer(815301076,1909f56bfc062723c751e8b465ee728b)  -> (artifact id: '07343e7b0643ff8ae3d31aa65ca35a0c') in 0.010522 seconds 
  Import took 0.011525 seconds .

========================================================================
Received Import Request.
  Time since last request: 0.001172 seconds.
  path: Assets/ToonyTinyPeople/TT_soldiers_Demo/model/TT_SoliderAvatarMask.mask
  artifactKey: Guid(50866d72c8a8dc64ab88ff698cf12ea3) Importer(815301076,1909f56bfc062723c751e8b465ee728b)
Start importing Assets/ToonyTinyPeople/TT_soldiers_Demo/model/TT_SoliderAvatarMask.mask using Guid(50866d72c8a8dc64ab88ff698cf12ea3) Importer(815301076,1909f56bfc062723c751e8b465ee728b)  -> (artifact id: '07343e7b0643ff8ae3d31aa65ca35a0c') in 0.001704 seconds 
  Import took 0.002332 seconds .

========================================================================
Received Prepare
Registering precompiled user dll's ...
Registered in 0.000396 seconds.
Begin MonoManager ReloadAssembly
Native extension for WindowsStandalone target not found
Refreshing native plugins compatible for Editor in 0.13 ms, found 0 plugins.
Preloading 0 native plugins for Editor in 0.00 ms.
Mono: successfully reloaded assembly
- Completed reload, in  0.477 seconds
Platform modules already initialized, skipping
Refreshing native plugins compatible for Editor in 0.12 ms, found 0 plugins.
Preloading 0 native plugins for Editor in 0.00 ms.
Unloading 640 Unused Serialized files (Serialized files now loaded: 0)
System memory in use before: 46.7 MB.
System memory in use after: 46.7 MB.

Unloading 5 unused Assets to reduce memory usage. Loaded Objects now: 1093.
Total: 1.232800 ms (FindLiveObjects: 0.070700 ms CreateObjectMapping: 0.014300 ms MarkObjects: 1.112200 ms  DeleteObjects: 0.035000 ms)

AssetImportParameters requested are different than current active one (requested -> active):
  custom:framework-win-MediaFoundation: 216162199b28c13a410421893ffa2e32 -> 
  custom:video-decoder-ogg-theora: a1e56fd34408186e4bbccfd4996cb3dc -> 
  custom:container-muxer-webm: aa71ff27fc2769a1b78a27578f13a17b -> 
  custom:container-demuxer-webm: 4f35f7cbe854078d1ac9338744f61a02 -> 
  custom:container-demuxer-ogg: 62fdf1f143b41e24485cea50d1cbac27 -> 
  custom:video-encoder-webm-vp8: eb34c28f22e8b96e1ab97ce403110664 -> 
  custom:video-decoder-webm-vp8: 9c59270c3fd7afecdb556c50c9e8de78 -> 
  custom:audio-decoder-ogg-vorbis: bf7c407c2cedff20999df2af8eb42d56 -> 
  custom:audio-encoder-webm-vorbis: bf7c407c2cedff20999df2af8eb42d56 -> 
========================================================================
Received Prepare
Registering precompiled user dll's ...
Registered in 0.000407 seconds.
Begin MonoManager ReloadAssembly
Native extension for WindowsStandalone target not found
Refreshing native plugins compatible for Editor in 0.13 ms, found 0 plugins.
Preloading 0 native plugins for Editor in 0.00 ms.
Mono: successfully reloaded assembly
- Completed reload, in  0.485 seconds
Platform modules already initialized, skipping
Refreshing native plugins compatible for Editor in 0.11 ms, found 0 plugins.
Preloading 0 native plugins for Editor in 0.00 ms.
Unloading 640 Unused Serialized files (Serialized files now loaded: 0)
System memory in use before: 46.7 MB.
System memory in use after: 46.7 MB.

Unloading 5 unused Assets to reduce memory usage. Loaded Objects now: 1095.
Total: 1.120600 ms (FindLiveObjects: 0.067200 ms CreateObjectMapping: 0.012600 ms MarkObjects: 1.006000 ms  DeleteObjects: 0.034200 ms)

AssetImportParameters requested are different than current active one (requested -> active):
  custom:framework-win-MediaFoundation: 216162199b28c13a410421893ffa2e32 -> 
  custom:video-decoder-ogg-theora: a1e56fd34408186e4bbccfd4996cb3dc -> 
  custom:container-muxer-webm: aa71ff27fc2769a1b78a27578f13a17b -> 
  custom:container-demuxer-webm: 4f35f7cbe854078d1ac9338744f61a02 -> 
  custom:container-demuxer-ogg: 62fdf1f143b41e24485cea50d1cbac27 -> 
  custom:video-encoder-webm-vp8: eb34c28f22e8b96e1ab97ce403110664 -> 
  custom:video-decoder-webm-vp8: 9c59270c3fd7afecdb556c50c9e8de78 -> 
  custom:audio-decoder-ogg-vorbis: bf7c407c2cedff20999df2af8eb42d56 -> 
  custom:audio-encoder-webm-vorbis: bf7c407c2cedff20999df2af8eb42d56 -> 
========================================================================
Received Import Request.
  Time since last request: 407.023869 seconds.
  path: Assets/ToonyTinyPeople/TT_soldiers_Demo/animation/TT_SoliderAvatarMask.mask
  artifactKey: Guid(50866d72c8a8dc64ab88ff698cf12ea3) Importer(815301076,1909f56bfc062723c751e8b465ee728b)
Start importing Assets/ToonyTinyPeople/TT_soldiers_Demo/animation/TT_SoliderAvatarMask.mask using Guid(50866d72c8a8dc64ab88ff698cf12ea3) Importer(815301076,1909f56bfc062723c751e8b465ee728b)  -> (artifact id: '88052050adc20d557c6f6c9593d10865') in 0.010063 seconds 
  Import took 0.011206 seconds .

========================================================================
Received Import Request.
  Time since last request: 38.814227 seconds.
  path: Assets/ToonyTinyPeople/TT_soldiers_Demo/animation/xbot@Running Backward.fbx
  artifactKey: Guid(6fbf1389c222b3c44bd085537569f319) Importer(815301076,1909f56bfc062723c751e8b465ee728b)
Start importing Assets/ToonyTinyPeople/TT_soldiers_Demo/animation/xbot@Running Backward.fbx using Guid(6fbf1389c222b3c44bd085537569f319) Importer(815301076,1909f56bfc062723c751e8b465ee728b)  -> (artifact id: '7df9bb0f7f59b5e73a19022c366c7a13') in 0.171474 seconds 
  Import took 0.173053 seconds .

========================================================================
Received Import Request.
  Time since last request: 8.474154 seconds.
  path: Assets/ToonyTinyPeople/TT_soldiers_Demo/animation/xbot@Running Backward.fbx
  artifactKey: Guid(6fbf1389c222b3c44bd085537569f319) Importer(815301076,1909f56bfc062723c751e8b465ee728b)
Start importing Assets/ToonyTinyPeople/TT_soldiers_Demo/animation/xbot@Running Backward.fbx using Guid(6fbf1389c222b3c44bd085537569f319) Importer(815301076,1909f56bfc062723c751e8b465ee728b)  -> (artifact id: 'f2dd58b4990239094101d8806634148e') in 0.024165 seconds 
  Import took 0.025623 seconds .

========================================================================
Received Import Request.
  Time since last request: 4.653480 seconds.
  path: Assets/ToonyTinyPeople/TT_soldiers_Demo/animation/Running Backward.anim
  artifactKey: Guid(4136c5d48addfdc4da4930113d6479a8) Importer(815301076,1909f56bfc062723c751e8b465ee728b)
Start importing Assets/ToonyTinyPeople/TT_soldiers_Demo/animation/Running Backward.anim using Guid(4136c5d48addfdc4da4930113d6479a8) Importer(815301076,1909f56bfc062723c751e8b465ee728b)  -> (artifact id: '8c18162717c2657b6d657907ab10eb01') in 0.007441 seconds 
  Import took 0.008730 seconds .

========================================================================
Received Import Request.
  Time since last request: 0.001146 seconds.
  path: Assets/ToonyTinyPeople/TT_soldiers_Demo/animation/Running Backward.anim
  artifactKey: Guid(4136c5d48addfdc4da4930113d6479a8) Importer(815301076,1909f56bfc062723c751e8b465ee728b)
Start importing Assets/ToonyTinyPeople/TT_soldiers_Demo/animation/Running Backward.anim using Guid(4136c5d48addfdc4da4930113d6479a8) Importer(815301076,1909f56bfc062723c751e8b465ee728b)  -> (artifact id: '8c18162717c2657b6d657907ab10eb01') in 0.006845 seconds 
  Import took 0.007768 seconds .

========================================================================
Received Import Request.
  Time since last request: 5.273760 seconds.
  path: Assets/ToonyTinyPeople/TT_soldiers_Demo/animation/xbot@Running.fbx
  artifactKey: Guid(0730e9125c55d25498a47fccf6eb2304) Importer(815301076,1909f56bfc062723c751e8b465ee728b)
Start importing Assets/ToonyTinyPeople/TT_soldiers_Demo/animation/xbot@Running.fbx using Guid(0730e9125c55d25498a47fccf6eb2304) Importer(815301076,1909f56bfc062723c751e8b465ee728b)  -> (artifact id: '2238c0bb544c8b457c6b915e3bba278d') in 0.023797 seconds 
  Import took 0.025101 seconds .

========================================================================
Received Import Request.
  Time since last request: 164.869757 seconds.
  path: Assets/ToonyTinyPeople/TT_soldiers_Demo/animation/xbot@Running Backward (1).fbx
  artifactKey: Guid(8a78b131c73f6ff428b09cce70e6acbc) Importer(815301076,1909f56bfc062723c751e8b465ee728b)
Start importing Assets/ToonyTinyPeople/TT_soldiers_Demo/animation/xbot@Running Backward (1).fbx using Guid(8a78b131c73f6ff428b09cce70e6acbc) Importer(815301076,1909f56bfc062723c751e8b465ee728b)  -> (artifact id: '158397fd1314afb815f661cd6c77ab8f') in 0.042846 seconds 
  Import took 0.044606 seconds .

========================================================================
Received Import Request.
  Time since last request: 0.230034 seconds.
  path: Assets/ToonyTinyPeople/TT_soldiers_Demo/animation/xbot@Running (1).fbx
  artifactKey: Guid(c5f252268a9f14c4988d0f61d3b50067) Importer(815301076,1909f56bfc062723c751e8b465ee728b)
Start importing Assets/ToonyTinyPeople/TT_soldiers_Demo/animation/xbot@Running (1).fbx using Guid(c5f252268a9f14c4988d0f61d3b50067) Importer(815301076,1909f56bfc062723c751e8b465ee728b)  -> (artifact id: '99d9f79024a26062a2e543df26d23588') in 0.024320 seconds 
  Import took 0.025586 seconds .

========================================================================
Received Import Request.
  Time since last request: 6.329757 seconds.
  path: Assets/ToonyTinyPeople/TT_soldiers_Demo/animation/xbot@Running Backward (1).fbx
  artifactKey: Guid(8a78b131c73f6ff428b09cce70e6acbc) Importer(815301076,1909f56bfc062723c751e8b465ee728b)
Start importing Assets/ToonyTinyPeople/TT_soldiers_Demo/animation/xbot@Running Backward (1).fbx using Guid(8a78b131c73f6ff428b09cce70e6acbc) Importer(815301076,1909f56bfc062723c751e8b465ee728b)  -> (artifact id: '5c721dd21cdf09c33355c271ada2745f') in 0.031940 seconds 
  Import took 0.033296 seconds .

========================================================================
Received Import Request.
  Time since last request: 0.744996 seconds.
  path: Assets/ToonyTinyPeople/TT_soldiers_Demo/animation/xbot@Running (1).fbx
  artifactKey: Guid(c5f252268a9f14c4988d0f61d3b50067) Importer(815301076,1909f56bfc062723c751e8b465ee728b)
Start importing Assets/ToonyTinyPeople/TT_soldiers_Demo/animation/xbot@Running (1).fbx using Guid(c5f252268a9f14c4988d0f61d3b50067) Importer(815301076,1909f56bfc062723c751e8b465ee728b)  -> (artifact id: '2b1a8eb12c14bfab9a2c3ec6ef53295e') in 0.034578 seconds 
  Import took 0.035944 seconds .

========================================================================
Received Import Request.
  Time since last request: 1.829363 seconds.
  path: Assets/ToonyTinyPeople/TT_soldiers_Demo/animation/Running (1).anim
  artifactKey: Guid(87d5e7442f3d34a42b2732f23274f701) Importer(815301076,1909f56bfc062723c751e8b465ee728b)
Start importing Assets/ToonyTinyPeople/TT_soldiers_Demo/animation/Running (1).anim using Guid(87d5e7442f3d34a42b2732f23274f701) Importer(815301076,1909f56bfc062723c751e8b465ee728b)  -> (artifact id: '3ef66b5007f3bdd9cd90174c9972b5ca') in 0.007871 seconds 
  Import took 0.009174 seconds .

========================================================================
Received Import Request.
  Time since last request: 0.000399 seconds.
  path: Assets/ToonyTinyPeople/TT_soldiers_Demo/animation/Running (1).anim
  artifactKey: Guid(87d5e7442f3d34a42b2732f23274f701) Importer(815301076,1909f56bfc062723c751e8b465ee728b)
Start importing Assets/ToonyTinyPeople/TT_soldiers_Demo/animation/Running (1).anim using Guid(87d5e7442f3d34a42b2732f23274f701) Importer(815301076,1909f56bfc062723c751e8b465ee728b)  -> (artifact id: '3ef66b5007f3bdd9cd90174c9972b5ca') in 0.006579 seconds 
  Import took 0.007445 seconds .

========================================================================
Received Import Request.
  Time since last request: 3.008577 seconds.
  path: Assets/ToonyTinyPeople/TT_soldiers_Demo/animation/Running Backward (1).anim
  artifactKey: Guid(68c3e3d8037c12a45b5fd4ad17e05407) Importer(815301076,1909f56bfc062723c751e8b465ee728b)
Start importing Assets/ToonyTinyPeople/TT_soldiers_Demo/animation/Running Backward (1).anim using Guid(68c3e3d8037c12a45b5fd4ad17e05407) Importer(815301076,1909f56bfc062723c751e8b465ee728b)  -> (artifact id: '5a4dee3a6857a4df7b81de4c86cf5d1b') in 0.007459 seconds 
  Import took 0.008647 seconds .

========================================================================
Received Import Request.
  Time since last request: 0.000258 seconds.
  path: Assets/ToonyTinyPeople/TT_soldiers_Demo/animation/Running Backward (1).anim
  artifactKey: Guid(68c3e3d8037c12a45b5fd4ad17e05407) Importer(815301076,1909f56bfc062723c751e8b465ee728b)
Start importing Assets/ToonyTinyPeople/TT_soldiers_Demo/animation/Running Backward (1).anim using Guid(68c3e3d8037c12a45b5fd4ad17e05407) Importer(815301076,1909f56bfc062723c751e8b465ee728b)  -> (artifact id: '5a4dee3a6857a4df7b81de4c86cf5d1b') in 0.007576 seconds 
  Import took 0.008376 seconds .

========================================================================
Received Import Request.
  Time since last request: 6.207928 seconds.
  path: Assets/ToonyTinyPeople/TT_soldiers_Demo/animation/xbot@Walk Left (1).fbx
  artifactKey: Guid(3673e539eb613b44e8e537eca061dd11) Importer(815301076,1909f56bfc062723c751e8b465ee728b)
Start importing Assets/ToonyTinyPeople/TT_soldiers_Demo/animation/xbot@Walk Left (1).fbx using Guid(3673e539eb613b44e8e537eca061dd11) Importer(815301076,1909f56bfc062723c751e8b465ee728b)  -> (artifact id: '6f672eb9cb1a1011d93ac044e646e4e0') in 0.024995 seconds 
  Import took 0.026322 seconds .

========================================================================
Received Import Request.
  Time since last request: 0.322996 seconds.
  path: Assets/ToonyTinyPeople/TT_soldiers_Demo/animation/Walk Left (1).anim
  artifactKey: Guid(d4a710aa7a2642c49b7b570112159215) Importer(815301076,1909f56bfc062723c751e8b465ee728b)
Start importing Assets/ToonyTinyPeople/TT_soldiers_Demo/animation/Walk Left (1).anim using Guid(d4a710aa7a2642c49b7b570112159215) Importer(815301076,1909f56bfc062723c751e8b465ee728b)  -> (artifact id: '526a693bffb3f4160427b9f745fcdcc1') in 0.006420 seconds 
  Import took 0.007749 seconds .

========================================================================
Received Import Request.
  Time since last request: 0.001345 seconds.
  path: Assets/ToonyTinyPeople/TT_soldiers_Demo/animation/Walk Left (1).anim
  artifactKey: Guid(d4a710aa7a2642c49b7b570112159215) Importer(815301076,1909f56bfc062723c751e8b465ee728b)
Start importing Assets/ToonyTinyPeople/TT_soldiers_Demo/animation/Walk Left (1).anim using Guid(d4a710aa7a2642c49b7b570112159215) Importer(815301076,1909f56bfc062723c751e8b465ee728b)  -> (artifact id: '526a693bffb3f4160427b9f745fcdcc1') in 0.005780 seconds 
  Import took 0.006763 seconds .

========================================================================
Received Import Request.
  Time since last request: 3.907958 seconds.
  path: Assets/ToonyTinyPeople/TT_soldiers_Demo/animation/xbot@Walk Right (1).fbx
  artifactKey: Guid(75c392701e772bc47a8ffa5e9452d54f) Importer(815301076,1909f56bfc062723c751e8b465ee728b)
Start importing Assets/ToonyTinyPeople/TT_soldiers_Demo/animation/xbot@Walk Right (1).fbx using Guid(75c392701e772bc47a8ffa5e9452d54f) Importer(815301076,1909f56bfc062723c751e8b465ee728b)  -> (artifact id: 'beba10c2729f52a04ddda4a6c7775538') in 0.029351 seconds 
  Import took 0.030652 seconds .

========================================================================
Received Import Request.
  Time since last request: 0.258451 seconds.
  path: Assets/ToonyTinyPeople/TT_soldiers_Demo/animation/Walk Right (1).anim
  artifactKey: Guid(44e9900309d46a246bb07a0a07125fc0) Importer(815301076,1909f56bfc062723c751e8b465ee728b)
Start importing Assets/ToonyTinyPeople/TT_soldiers_Demo/animation/Walk Right (1).anim using Guid(44e9900309d46a246bb07a0a07125fc0) Importer(815301076,1909f56bfc062723c751e8b465ee728b)  -> (artifact id: 'e9812dcc3d6e6653e5ce615ced6fd331') in 0.006650 seconds 
  Import took 0.007799 seconds .

========================================================================
Received Import Request.
  Time since last request: 135.534834 seconds.
  path: Assets/ToonyTinyPeople/TT_soldiers_Demo/animation/Walk Left (1).anim
  artifactKey: Guid(d4a710aa7a2642c49b7b570112159215) Importer(815301076,1909f56bfc062723c751e8b465ee728b)
Start importing Assets/ToonyTinyPeople/TT_soldiers_Demo/animation/Walk Left (1).anim using Guid(d4a710aa7a2642c49b7b570112159215) Importer(815301076,1909f56bfc062723c751e8b465ee728b)  -> (artifact id: 'c4420ce18dafd119e4d2d5e56d74fc59') in 0.006058 seconds 
  Import took 0.007099 seconds .

========================================================================
Received Import Request.
  Time since last request: 43.417303 seconds.
  path: Assets/ToonyTinyPeople/TT_soldiers_Demo/animation/Running Backward (1).anim
  artifactKey: Guid(68c3e3d8037c12a45b5fd4ad17e05407) Importer(815301076,1909f56bfc062723c751e8b465ee728b)
Start importing Assets/ToonyTinyPeople/TT_soldiers_Demo/animation/Running Backward (1).anim using Guid(68c3e3d8037c12a45b5fd4ad17e05407) Importer(815301076,1909f56bfc062723c751e8b465ee728b)  -> (artifact id: '041fe194a096274b6d7e0ec4bb22a8eb') in 0.007781 seconds 
  Import took 0.008931 seconds .

========================================================================
Received Import Request.
  Time since last request: 50.134304 seconds.
  path: Assets/ToonyTinyPeople/TT_soldiers_Demo/animation/m_weapon_idle_B.anim
  artifactKey: Guid(15ce28e45c707864e94005cc16e57ea9) Importer(815301076,1909f56bfc062723c751e8b465ee728b)
Start importing Assets/ToonyTinyPeople/TT_soldiers_Demo/animation/m_weapon_idle_B.anim using Guid(15ce28e45c707864e94005cc16e57ea9) Importer(815301076,1909f56bfc062723c751e8b465ee728b)  -> (artifact id: 'f2c1e6eb342d871f3c423871582a235d') in 0.004703 seconds 
  Import took 0.005890 seconds .

========================================================================
Received Import Request.
  Time since last request: 5.070065 seconds.
  path: Assets/ToonyTinyPeople/TT_soldiers_Demo/Demo_sample_scene/animation_samples/weapon_idle.controller
  artifactKey: Guid(94d76f859419a5048a2d6cf80ef45f88) Importer(815301076,1909f56bfc062723c751e8b465ee728b)
Start importing Assets/ToonyTinyPeople/TT_soldiers_Demo/Demo_sample_scene/animation_samples/weapon_idle.controller using Guid(94d76f859419a5048a2d6cf80ef45f88) Importer(815301076,1909f56bfc062723c751e8b465ee728b)  -> (artifact id: '837aff03ee933a5820349739b695e5a2') in 0.007099 seconds 
  Import took 0.008257 seconds .

========================================================================
Received Import Request.
  Time since last request: 9.903401 seconds.
  path: Assets/ToonyTinyPeople/TT_soldiers_Demo/animation/Gunplay.anim
  artifactKey: Guid(926b9a478ffe5cb4f868627a8b95324b) Importer(815301076,1909f56bfc062723c751e8b465ee728b)
Start importing Assets/ToonyTinyPeople/TT_soldiers_Demo/animation/Gunplay.anim using Guid(926b9a478ffe5cb4f868627a8b95324b) Importer(815301076,1909f56bfc062723c751e8b465ee728b)  -> (artifact id: '996309c297f73b40e64a9510aa635894') in 0.005653 seconds 
  Import took 0.006781 seconds .

========================================================================
Received Import Request.
  Time since last request: 87.550988 seconds.
  path: Assets/ToonyTinyPeople/TT_soldiers_Demo/Demo_sample_scene/animation_samples/weapon_idle.controller
  artifactKey: Guid(94d76f859419a5048a2d6cf80ef45f88) Importer(815301076,1909f56bfc062723c751e8b465ee728b)
Start importing Assets/ToonyTinyPeople/TT_soldiers_Demo/Demo_sample_scene/animation_samples/weapon_idle.controller using Guid(94d76f859419a5048a2d6cf80ef45f88) Importer(815301076,1909f56bfc062723c751e8b465ee728b)  -> (artifact id: '04912a651488cd6287b1aea99bef4830') in 0.009191 seconds 
  Import took 0.010312 seconds .

========================================================================
Received Import Request.
  Time since last request: 48.320946 seconds.
  path: Assets/ToonyTinyPeople/TT_soldiers_Demo/animation/Running (1).anim
  artifactKey: Guid(87d5e7442f3d34a42b2732f23274f701) Importer(815301076,1909f56bfc062723c751e8b465ee728b)
Start importing Assets/ToonyTinyPeople/TT_soldiers_Demo/animation/Running (1).anim using Guid(87d5e7442f3d34a42b2732f23274f701) Importer(815301076,1909f56bfc062723c751e8b465ee728b)  -> (artifact id: '48b6b2250e27586405027fe518c2ec40') in 0.007254 seconds 
  Import took 0.008398 seconds .

========================================================================
Received Import Request.
  Time since last request: 0.004541 seconds.
  path: Assets/ToonyTinyPeople/TT_soldiers_Demo/animation/Running (1).anim
  artifactKey: Guid(87d5e7442f3d34a42b2732f23274f701) Importer(815301076,1909f56bfc062723c751e8b465ee728b)
Start importing Assets/ToonyTinyPeople/TT_soldiers_Demo/animation/Running (1).anim using Guid(87d5e7442f3d34a42b2732f23274f701) Importer(815301076,1909f56bfc062723c751e8b465ee728b)  -> (artifact id: '48b6b2250e27586405027fe518c2ec40') in 0.006675 seconds 
  Import took 0.007701 seconds .

========================================================================
Received Import Request.
  Time since last request: 11.082476 seconds.
  path: Assets/ToonyTinyPeople/TT_soldiers_Demo/animation/RunForward.anim
  artifactKey: Guid(87d5e7442f3d34a42b2732f23274f701) Importer(815301076,1909f56bfc062723c751e8b465ee728b)
Start importing Assets/ToonyTinyPeople/TT_soldiers_Demo/animation/RunForward.anim using Guid(87d5e7442f3d34a42b2732f23274f701) Importer(815301076,1909f56bfc062723c751e8b465ee728b)  -> (artifact id: '4027d58c9aefeaac6dd48c4b2fa4b63b') in 0.007518 seconds 
  Import took 0.008840 seconds .

========================================================================
Received Import Request.
  Time since last request: 115.766608 seconds.
  path: Assets/ToonyTinyPeople/TT_soldiers_Demo/animation/RunBackward.anim
  artifactKey: Guid(68c3e3d8037c12a45b5fd4ad17e05407) Importer(815301076,1909f56bfc062723c751e8b465ee728b)
Start importing Assets/ToonyTinyPeople/TT_soldiers_Demo/animation/RunBackward.anim using Guid(68c3e3d8037c12a45b5fd4ad17e05407) Importer(815301076,1909f56bfc062723c751e8b465ee728b)  -> (artifact id: '98f57c6b792255a3bcefcb010c018b04') in 0.008250 seconds 
  Import took 0.009369 seconds .

========================================================================
Received Import Request.
  Time since last request: 0.003589 seconds.
  path: Assets/ToonyTinyPeople/TT_soldiers_Demo/animation/RunBackward.anim
  artifactKey: Guid(68c3e3d8037c12a45b5fd4ad17e05407) Importer(815301076,1909f56bfc062723c751e8b465ee728b)
Start importing Assets/ToonyTinyPeople/TT_soldiers_Demo/animation/RunBackward.anim using Guid(68c3e3d8037c12a45b5fd4ad17e05407) Importer(815301076,1909f56bfc062723c751e8b465ee728b)  -> (artifact id: '98f57c6b792255a3bcefcb010c018b04') in 0.007680 seconds 
  Import took 0.008703 seconds .

========================================================================
Received Import Request.
  Time since last request: 3.482445 seconds.
  path: Assets/ToonyTinyPeople/TT_soldiers_Demo/animation/RunLeft.anim
  artifactKey: Guid(d4a710aa7a2642c49b7b570112159215) Importer(815301076,1909f56bfc062723c751e8b465ee728b)
Start importing Assets/ToonyTinyPeople/TT_soldiers_Demo/animation/RunLeft.anim using Guid(d4a710aa7a2642c49b7b570112159215) Importer(815301076,1909f56bfc062723c751e8b465ee728b)  -> (artifact id: '0d8698a7c067a1a0d2621e11c8b500da') in 0.007519 seconds 
  Import took 0.008619 seconds .

========================================================================
Received Import Request.
  Time since last request: 0.000199 seconds.
  path: Assets/ToonyTinyPeople/TT_soldiers_Demo/animation/RunLeft.anim
  artifactKey: Guid(d4a710aa7a2642c49b7b570112159215) Importer(815301076,1909f56bfc062723c751e8b465ee728b)
Start importing Assets/ToonyTinyPeople/TT_soldiers_Demo/animation/RunLeft.anim using Guid(d4a710aa7a2642c49b7b570112159215) Importer(815301076,1909f56bfc062723c751e8b465ee728b)  -> (artifact id: '0d8698a7c067a1a0d2621e11c8b500da') in 0.005936 seconds 
  Import took 0.006868 seconds .

========================================================================
Received Import Request.
  Time since last request: 2.024571 seconds.
  path: Assets/ToonyTinyPeople/TT_soldiers_Demo/animation/RunRight.anim
  artifactKey: Guid(44e9900309d46a246bb07a0a07125fc0) Importer(815301076,1909f56bfc062723c751e8b465ee728b)
Start importing Assets/ToonyTinyPeople/TT_soldiers_Demo/animation/RunRight.anim using Guid(44e9900309d46a246bb07a0a07125fc0) Importer(815301076,1909f56bfc062723c751e8b465ee728b)  -> (artifact id: '43e603486294c5e843afe55503dd19f2') in 0.006185 seconds 
  Import took 0.007344 seconds .

========================================================================
Received Import Request.
  Time since last request: 0.006336 seconds.
  path: Assets/ToonyTinyPeople/TT_soldiers_Demo/animation/RunRight.anim
  artifactKey: Guid(44e9900309d46a246bb07a0a07125fc0) Importer(815301076,1909f56bfc062723c751e8b465ee728b)
Start importing Assets/ToonyTinyPeople/TT_soldiers_Demo/animation/RunRight.anim using Guid(44e9900309d46a246bb07a0a07125fc0) Importer(815301076,1909f56bfc062723c751e8b465ee728b)  -> (artifact id: '43e603486294c5e843afe55503dd19f2') in 0.005964 seconds 
  Import took 0.007135 seconds .

========================================================================
Received Import Request.
  Time since last request: 1248.263825 seconds.
  path: Assets/ToonyTinyPeople/TT_soldiers_Demo/Demo_sample_scene/animation_samples/weapon_idle.controller
  artifactKey: Guid(94d76f859419a5048a2d6cf80ef45f88) Importer(815301076,1909f56bfc062723c751e8b465ee728b)
Start importing Assets/ToonyTinyPeople/TT_soldiers_Demo/Demo_sample_scene/animation_samples/weapon_idle.controller using Guid(94d76f859419a5048a2d6cf80ef45f88) Importer(815301076,1909f56bfc062723c751e8b465ee728b)  -> (artifact id: '8669125303653d14a5be770987723095') in 0.027623 seconds 
  Import took 0.029143 seconds .

========================================================================
Received Prepare
Registering precompiled user dll's ...
Registered in 0.000344 seconds.
Begin MonoManager ReloadAssembly
Native extension for WindowsStandalone target not found
Refreshing native plugins compatible for Editor in 0.13 ms, found 0 plugins.
Preloading 0 native plugins for Editor in 0.00 ms.
Mono: successfully reloaded assembly
- Completed reload, in  0.495 seconds
Platform modules already initialized, skipping
Refreshing native plugins compatible for Editor in 0.12 ms, found 0 plugins.
Preloading 0 native plugins for Editor in 0.00 ms.
Unloading 640 Unused Serialized files (Serialized files now loaded: 0)
System memory in use before: 63.9 MB.
System memory in use after: 63.9 MB.

Unloading 5 unused Assets to reduce memory usage. Loaded Objects now: 1141.
Total: 1.158300 ms (FindLiveObjects: 0.081400 ms CreateObjectMapping: 0.012500 ms MarkObjects: 1.022600 ms  DeleteObjects: 0.041300 ms)

AssetImportParameters requested are different than current active one (requested -> active):
  custom:framework-win-MediaFoundation: 216162199b28c13a410421893ffa2e32 -> 
  custom:video-decoder-ogg-theora: a1e56fd34408186e4bbccfd4996cb3dc -> 
  custom:container-muxer-webm: aa71ff27fc2769a1b78a27578f13a17b -> 
  custom:container-demuxer-webm: 4f35f7cbe854078d1ac9338744f61a02 -> 
  custom:container-demuxer-ogg: 62fdf1f143b41e24485cea50d1cbac27 -> 
  custom:video-encoder-webm-vp8: eb34c28f22e8b96e1ab97ce403110664 -> 
  custom:video-decoder-webm-vp8: 9c59270c3fd7afecdb556c50c9e8de78 -> 
  custom:audio-decoder-ogg-vorbis: bf7c407c2cedff20999df2af8eb42d56 -> 
  custom:audio-encoder-webm-vorbis: bf7c407c2cedff20999df2af8eb42d56 -> 
========================================================================
Received Prepare
Registering precompiled user dll's ...
Registered in 0.000356 seconds.
Begin MonoManager ReloadAssembly
Native extension for WindowsStandalone target not found
Refreshing native plugins compatible for Editor in 0.13 ms, found 0 plugins.
Preloading 0 native plugins for Editor in 0.00 ms.
Mono: successfully reloaded assembly
- Completed reload, in  0.475 seconds
Platform modules already initialized, skipping
Refreshing native plugins compatible for Editor in 0.13 ms, found 0 plugins.
Preloading 0 native plugins for Editor in 0.00 ms.
Unloading 640 Unused Serialized files (Serialized files now loaded: 0)
System memory in use before: 63.9 MB.
System memory in use after: 63.9 MB.

Unloading 5 unused Assets to reduce memory usage. Loaded Objects now: 1143.
Total: 1.136800 ms (FindLiveObjects: 0.079900 ms CreateObjectMapping: 0.012400 ms MarkObjects: 0.998000 ms  DeleteObjects: 0.045500 ms)

AssetImportParameters requested are different than current active one (requested -> active):
  custom:framework-win-MediaFoundation: 216162199b28c13a410421893ffa2e32 -> 
  custom:video-decoder-ogg-theora: a1e56fd34408186e4bbccfd4996cb3dc -> 
  custom:container-muxer-webm: aa71ff27fc2769a1b78a27578f13a17b -> 
  custom:container-demuxer-webm: 4f35f7cbe854078d1ac9338744f61a02 -> 
  custom:container-demuxer-ogg: 62fdf1f143b41e24485cea50d1cbac27 -> 
  custom:video-encoder-webm-vp8: eb34c28f22e8b96e1ab97ce403110664 -> 
  custom:video-decoder-webm-vp8: 9c59270c3fd7afecdb556c50c9e8de78 -> 
  custom:audio-decoder-ogg-vorbis: bf7c407c2cedff20999df2af8eb42d56 -> 
  custom:audio-encoder-webm-vorbis: bf7c407c2cedff20999df2af8eb42d56 -> 
========================================================================
Received Prepare
Registering precompiled user dll's ...
Registered in 0.000387 seconds.
Begin MonoManager ReloadAssembly
Native extension for WindowsStandalone target not found
Refreshing native plugins compatible for Editor in 0.13 ms, found 0 plugins.
Preloading 0 native plugins for Editor in 0.00 ms.
Mono: successfully reloaded assembly
- Completed reload, in  0.491 seconds
Platform modules already initialized, skipping
Refreshing native plugins compatible for Editor in 0.13 ms, found 0 plugins.
Preloading 0 native plugins for Editor in 0.00 ms.
Unloading 640 Unused Serialized files (Serialized files now loaded: 0)
System memory in use before: 63.9 MB.
System memory in use after: 63.9 MB.

Unloading 5 unused Assets to reduce memory usage. Loaded Objects now: 1145.
Total: 1.135600 ms (FindLiveObjects: 0.076800 ms CreateObjectMapping: 0.012500 ms MarkObjects: 1.006600 ms  DeleteObjects: 0.039100 ms)

AssetImportParameters requested are different than current active one (requested -> active):
  custom:framework-win-MediaFoundation: 216162199b28c13a410421893ffa2e32 -> 
  custom:video-decoder-ogg-theora: a1e56fd34408186e4bbccfd4996cb3dc -> 
  custom:container-muxer-webm: aa71ff27fc2769a1b78a27578f13a17b -> 
  custom:container-demuxer-webm: 4f35f7cbe854078d1ac9338744f61a02 -> 
  custom:container-demuxer-ogg: 62fdf1f143b41e24485cea50d1cbac27 -> 
  custom:video-encoder-webm-vp8: eb34c28f22e8b96e1ab97ce403110664 -> 
  custom:video-decoder-webm-vp8: 9c59270c3fd7afecdb556c50c9e8de78 -> 
  custom:audio-decoder-ogg-vorbis: bf7c407c2cedff20999df2af8eb42d56 -> 
  custom:audio-encoder-webm-vorbis: bf7c407c2cedff20999df2af8eb42d56 -> 
========================================================================
Received Prepare
Registering precompiled user dll's ...
Registered in 0.000363 seconds.
Begin MonoManager ReloadAssembly
Native extension for WindowsStandalone target not found
Refreshing native plugins compatible for Editor in 0.19 ms, found 0 plugins.
Preloading 0 native plugins for Editor in 0.00 ms.
Mono: successfully reloaded assembly
- Completed reload, in  0.494 seconds
Platform modules already initialized, skipping
Refreshing native plugins compatible for Editor in 0.21 ms, found 0 plugins.
Preloading 0 native plugins for Editor in 0.00 ms.
Unloading 640 Unused Serialized files (Serialized files now loaded: 0)
System memory in use before: 63.9 MB.
System memory in use after: 63.9 MB.

Unloading 5 unused Assets to reduce memory usage. Loaded Objects now: 1147.
Total: 1.200300 ms (FindLiveObjects: 0.080800 ms CreateObjectMapping: 0.015600 ms MarkObjects: 1.061000 ms  DeleteObjects: 0.041800 ms)

AssetImportParameters requested are different than current active one (requested -> active):
  custom:framework-win-MediaFoundation: 216162199b28c13a410421893ffa2e32 -> 
  custom:video-decoder-ogg-theora: a1e56fd34408186e4bbccfd4996cb3dc -> 
  custom:container-muxer-webm: aa71ff27fc2769a1b78a27578f13a17b -> 
  custom:container-demuxer-webm: 4f35f7cbe854078d1ac9338744f61a02 -> 
  custom:container-demuxer-ogg: 62fdf1f143b41e24485cea50d1cbac27 -> 
  custom:video-encoder-webm-vp8: eb34c28f22e8b96e1ab97ce403110664 -> 
  custom:video-decoder-webm-vp8: 9c59270c3fd7afecdb556c50c9e8de78 -> 
  custom:audio-decoder-ogg-vorbis: bf7c407c2cedff20999df2af8eb42d56 -> 
  custom:audio-encoder-webm-vorbis: bf7c407c2cedff20999df2af8eb42d56 -> 
========================================================================
Received Prepare
Registering precompiled user dll's ...
Registered in 0.000487 seconds.
Begin MonoManager ReloadAssembly
Native extension for WindowsStandalone target not found
Refreshing native plugins compatible for Editor in 0.13 ms, found 0 plugins.
Preloading 0 native plugins for Editor in 0.00 ms.
Mono: successfully reloaded assembly
- Completed reload, in  0.482 seconds
Platform modules already initialized, skipping
Refreshing native plugins compatible for Editor in 0.12 ms, found 0 plugins.
Preloading 0 native plugins for Editor in 0.00 ms.
Unloading 640 Unused Serialized files (Serialized files now loaded: 0)
System memory in use before: 63.9 MB.
System memory in use after: 63.9 MB.

Unloading 5 unused Assets to reduce memory usage. Loaded Objects now: 1149.
Total: 1.357400 ms (FindLiveObjects: 0.084000 ms CreateObjectMapping: 0.015600 ms MarkObjects: 1.218500 ms  DeleteObjects: 0.038800 ms)

AssetImportParameters requested are different than current active one (requested -> active):
  custom:framework-win-MediaFoundation: 216162199b28c13a410421893ffa2e32 -> 
  custom:video-decoder-ogg-theora: a1e56fd34408186e4bbccfd4996cb3dc -> 
  custom:container-muxer-webm: aa71ff27fc2769a1b78a27578f13a17b -> 
  custom:container-demuxer-webm: 4f35f7cbe854078d1ac9338744f61a02 -> 
  custom:container-demuxer-ogg: 62fdf1f143b41e24485cea50d1cbac27 -> 
  custom:video-encoder-webm-vp8: eb34c28f22e8b96e1ab97ce403110664 -> 
  custom:video-decoder-webm-vp8: 9c59270c3fd7afecdb556c50c9e8de78 -> 
  custom:audio-decoder-ogg-vorbis: bf7c407c2cedff20999df2af8eb42d56 -> 
  custom:audio-encoder-webm-vorbis: bf7c407c2cedff20999df2af8eb42d56 -> 
========================================================================
Received Prepare
Registering precompiled user dll's ...
Registered in 0.000371 seconds.
Begin MonoManager ReloadAssembly
Native extension for WindowsStandalone target not found
Refreshing native plugins compatible for Editor in 0.13 ms, found 0 plugins.
Preloading 0 native plugins for Editor in 0.00 ms.
Mono: successfully reloaded assembly
- Completed reload, in  0.495 seconds
Platform modules already initialized, skipping
Refreshing native plugins compatible for Editor in 0.13 ms, found 0 plugins.
Preloading 0 native plugins for Editor in 0.00 ms.
Unloading 640 Unused Serialized files (Serialized files now loaded: 0)
System memory in use before: 63.9 MB.
System memory in use after: 63.9 MB.

Unloading 5 unused Assets to reduce memory usage. Loaded Objects now: 1151.
Total: 1.192900 ms (FindLiveObjects: 0.080700 ms CreateObjectMapping: 0.015400 ms MarkObjects: 1.056900 ms  DeleteObjects: 0.039200 ms)

AssetImportParameters requested are different than current active one (requested -> active):
  custom:framework-win-MediaFoundation: 216162199b28c13a410421893ffa2e32 -> 
  custom:video-decoder-ogg-theora: a1e56fd34408186e4bbccfd4996cb3dc -> 
  custom:container-muxer-webm: aa71ff27fc2769a1b78a27578f13a17b -> 
  custom:container-demuxer-webm: 4f35f7cbe854078d1ac9338744f61a02 -> 
  custom:container-demuxer-ogg: 62fdf1f143b41e24485cea50d1cbac27 -> 
  custom:video-encoder-webm-vp8: eb34c28f22e8b96e1ab97ce403110664 -> 
  custom:video-decoder-webm-vp8: 9c59270c3fd7afecdb556c50c9e8de78 -> 
  custom:audio-decoder-ogg-vorbis: bf7c407c2cedff20999df2af8eb42d56 -> 
  custom:audio-encoder-webm-vorbis: bf7c407c2cedff20999df2af8eb42d56 -> 
========================================================================
Received Prepare
Registering precompiled user dll's ...
Registered in 0.000557 seconds.
Begin MonoManager ReloadAssembly
Native extension for WindowsStandalone target not found
Refreshing native plugins compatible for Editor in 0.15 ms, found 0 plugins.
Preloading 0 native plugins for Editor in 0.00 ms.
Mono: successfully reloaded assembly
- Completed reload, in  0.488 seconds
Platform modules already initialized, skipping
Refreshing native plugins compatible for Editor in 0.13 ms, found 0 plugins.
Preloading 0 native plugins for Editor in 0.00 ms.
Unloading 640 Unused Serialized files (Serialized files now loaded: 0)
System memory in use before: 63.9 MB.
System memory in use after: 63.9 MB.

Unloading 5 unused Assets to reduce memory usage. Loaded Objects now: 1153.
Total: 1.216900 ms (FindLiveObjects: 0.080200 ms CreateObjectMapping: 0.014900 ms MarkObjects: 1.081900 ms  DeleteObjects: 0.039100 ms)

AssetImportParameters requested are different than current active one (requested -> active):
  custom:framework-win-MediaFoundation: 216162199b28c13a410421893ffa2e32 -> 
  custom:video-decoder-ogg-theora: a1e56fd34408186e4bbccfd4996cb3dc -> 
  custom:container-muxer-webm: aa71ff27fc2769a1b78a27578f13a17b -> 
  custom:container-demuxer-webm: 4f35f7cbe854078d1ac9338744f61a02 -> 
  custom:container-demuxer-ogg: 62fdf1f143b41e24485cea50d1cbac27 -> 
  custom:video-encoder-webm-vp8: eb34c28f22e8b96e1ab97ce403110664 -> 
  custom:video-decoder-webm-vp8: 9c59270c3fd7afecdb556c50c9e8de78 -> 
  custom:audio-decoder-ogg-vorbis: bf7c407c2cedff20999df2af8eb42d56 -> 
  custom:audio-encoder-webm-vorbis: bf7c407c2cedff20999df2af8eb42d56 -> 
========================================================================
Received Prepare
Registering precompiled user dll's ...
Registered in 0.000343 seconds.
Begin MonoManager ReloadAssembly
Native extension for WindowsStandalone target not found
Refreshing native plugins compatible for Editor in 0.14 ms, found 0 plugins.
Preloading 0 native plugins for Editor in 0.00 ms.
Mono: successfully reloaded assembly
- Completed reload, in  0.494 seconds
Platform modules already initialized, skipping
Refreshing native plugins compatible for Editor in 0.13 ms, found 0 plugins.
Preloading 0 native plugins for Editor in 0.00 ms.
Unloading 640 Unused Serialized files (Serialized files now loaded: 0)
System memory in use before: 63.9 MB.
System memory in use after: 63.9 MB.

Unloading 5 unused Assets to reduce memory usage. Loaded Objects now: 1155.
Total: 1.296500 ms (FindLiveObjects: 0.095800 ms CreateObjectMapping: 0.014900 ms MarkObjects: 1.143200 ms  DeleteObjects: 0.042100 ms)

AssetImportParameters requested are different than current active one (requested -> active):
  custom:framework-win-MediaFoundation: 216162199b28c13a410421893ffa2e32 -> 
  custom:video-decoder-ogg-theora: a1e56fd34408186e4bbccfd4996cb3dc -> 
  custom:container-muxer-webm: aa71ff27fc2769a1b78a27578f13a17b -> 
  custom:container-demuxer-webm: 4f35f7cbe854078d1ac9338744f61a02 -> 
  custom:container-demuxer-ogg: 62fdf1f143b41e24485cea50d1cbac27 -> 
  custom:video-encoder-webm-vp8: eb34c28f22e8b96e1ab97ce403110664 -> 
  custom:video-decoder-webm-vp8: 9c59270c3fd7afecdb556c50c9e8de78 -> 
  custom:audio-decoder-ogg-vorbis: bf7c407c2cedff20999df2af8eb42d56 -> 
  custom:audio-encoder-webm-vorbis: bf7c407c2cedff20999df2af8eb42d56 -> 
========================================================================
Received Prepare
Registering precompiled user dll's ...
Registered in 0.000368 seconds.
Begin MonoManager ReloadAssembly
Native extension for WindowsStandalone target not found
Refreshing native plugins compatible for Editor in 0.13 ms, found 0 plugins.
Preloading 0 native plugins for Editor in 0.00 ms.
Mono: successfully reloaded assembly
- Completed reload, in  0.480 seconds
Platform modules already initialized, skipping
Refreshing native plugins compatible for Editor in 0.11 ms, found 0 plugins.
Preloading 0 native plugins for Editor in 0.00 ms.
Unloading 640 Unused Serialized files (Serialized files now loaded: 0)
System memory in use before: 63.9 MB.
System memory in use after: 64.0 MB.

Unloading 5 unused Assets to reduce memory usage. Loaded Objects now: 1157.
Total: 1.296100 ms (FindLiveObjects: 0.081500 ms CreateObjectMapping: 0.015400 ms MarkObjects: 1.159500 ms  DeleteObjects: 0.039100 ms)

AssetImportParameters requested are different than current active one (requested -> active):
  custom:framework-win-MediaFoundation: 216162199b28c13a410421893ffa2e32 -> 
  custom:video-decoder-ogg-theora: a1e56fd34408186e4bbccfd4996cb3dc -> 
  custom:container-muxer-webm: aa71ff27fc2769a1b78a27578f13a17b -> 
  custom:container-demuxer-webm: 4f35f7cbe854078d1ac9338744f61a02 -> 
  custom:container-demuxer-ogg: 62fdf1f143b41e24485cea50d1cbac27 -> 
  custom:video-encoder-webm-vp8: eb34c28f22e8b96e1ab97ce403110664 -> 
  custom:video-decoder-webm-vp8: 9c59270c3fd7afecdb556c50c9e8de78 -> 
  custom:audio-decoder-ogg-vorbis: bf7c407c2cedff20999df2af8eb42d56 -> 
  custom:audio-encoder-webm-vorbis: bf7c407c2cedff20999df2af8eb42d56 -> 
========================================================================
Received Prepare
Registering precompiled user dll's ...
Registered in 0.000358 seconds.
Begin MonoManager ReloadAssembly
Native extension for WindowsStandalone target not found
Refreshing native plugins compatible for Editor in 0.13 ms, found 0 plugins.
Preloading 0 native plugins for Editor in 0.00 ms.
Mono: successfully reloaded assembly
- Completed reload, in  0.500 seconds
Platform modules already initialized, skipping
Refreshing native plugins compatible for Editor in 0.14 ms, found 0 plugins.
Preloading 0 native plugins for Editor in 0.00 ms.
Unloading 640 Unused Serialized files (Serialized files now loaded: 0)
System memory in use before: 63.9 MB.
System memory in use after: 63.9 MB.

Unloading 5 unused Assets to reduce memory usage. Loaded Objects now: 1159.
Total: 1.352500 ms (FindLiveObjects: 0.088400 ms CreateObjectMapping: 0.015700 ms MarkObjects: 1.146300 ms  DeleteObjects: 0.101500 ms)

AssetImportParameters requested are different than current active one (requested -> active):
  custom:framework-win-MediaFoundation: 216162199b28c13a410421893ffa2e32 -> 
  custom:video-decoder-ogg-theora: a1e56fd34408186e4bbccfd4996cb3dc -> 
  custom:container-muxer-webm: aa71ff27fc2769a1b78a27578f13a17b -> 
  custom:container-demuxer-webm: 4f35f7cbe854078d1ac9338744f61a02 -> 
  custom:container-demuxer-ogg: 62fdf1f143b41e24485cea50d1cbac27 -> 
  custom:video-encoder-webm-vp8: eb34c28f22e8b96e1ab97ce403110664 -> 
  custom:video-decoder-webm-vp8: 9c59270c3fd7afecdb556c50c9e8de78 -> 
  custom:audio-decoder-ogg-vorbis: bf7c407c2cedff20999df2af8eb42d56 -> 
  custom:audio-encoder-webm-vorbis: bf7c407c2cedff20999df2af8eb42d56 -> 
========================================================================
Received Prepare
Registering precompiled user dll's ...
Registered in 0.000356 seconds.
Begin MonoManager ReloadAssembly
Native extension for WindowsStandalone target not found
Refreshing native plugins compatible for Editor in 0.13 ms, found 0 plugins.
Preloading 0 native plugins for Editor in 0.00 ms.
Mono: successfully reloaded assembly
- Completed reload, in  0.477 seconds
Platform modules already initialized, skipping
Refreshing native plugins compatible for Editor in 0.12 ms, found 0 plugins.
Preloading 0 native plugins for Editor in 0.00 ms.
Unloading 640 Unused Serialized files (Serialized files now loaded: 0)
System memory in use before: 63.9 MB.
System memory in use after: 64.0 MB.

Unloading 5 unused Assets to reduce memory usage. Loaded Objects now: 1161.
Total: 1.181400 ms (FindLiveObjects: 0.104100 ms CreateObjectMapping: 0.017300 ms MarkObjects: 1.020000 ms  DeleteObjects: 0.039300 ms)

AssetImportParameters requested are different than current active one (requested -> active):
  custom:framework-win-MediaFoundation: 216162199b28c13a410421893ffa2e32 -> 
  custom:video-decoder-ogg-theora: a1e56fd34408186e4bbccfd4996cb3dc -> 
  custom:container-muxer-webm: aa71ff27fc2769a1b78a27578f13a17b -> 
  custom:container-demuxer-webm: 4f35f7cbe854078d1ac9338744f61a02 -> 
  custom:container-demuxer-ogg: 62fdf1f143b41e24485cea50d1cbac27 -> 
  custom:video-encoder-webm-vp8: eb34c28f22e8b96e1ab97ce403110664 -> 
  custom:video-decoder-webm-vp8: 9c59270c3fd7afecdb556c50c9e8de78 -> 
  custom:audio-decoder-ogg-vorbis: bf7c407c2cedff20999df2af8eb42d56 -> 
  custom:audio-encoder-webm-vorbis: bf7c407c2cedff20999df2af8eb42d56 -> 
========================================================================
Received Prepare
Registering precompiled user dll's ...
Registered in 0.000389 seconds.
Begin MonoManager ReloadAssembly
Native extension for WindowsStandalone target not found
Refreshing native plugins compatible for Editor in 0.13 ms, found 0 plugins.
Preloading 0 native plugins for Editor in 0.00 ms.
Mono: successfully reloaded assembly
- Completed reload, in  0.490 seconds
Platform modules already initialized, skipping
Refreshing native plugins compatible for Editor in 0.12 ms, found 0 plugins.
Preloading 0 native plugins for Editor in 0.00 ms.
Unloading 640 Unused Serialized files (Serialized files now loaded: 0)
System memory in use before: 63.9 MB.
System memory in use after: 64.0 MB.

Unloading 5 unused Assets to reduce memory usage. Loaded Objects now: 1163.
Total: 1.136500 ms (FindLiveObjects: 0.079200 ms CreateObjectMapping: 0.015500 ms MarkObjects: 1.003200 ms  DeleteObjects: 0.037800 ms)

AssetImportParameters requested are different than current active one (requested -> active):
  custom:framework-win-MediaFoundation: 216162199b28c13a410421893ffa2e32 -> 
  custom:video-decoder-ogg-theora: a1e56fd34408186e4bbccfd4996cb3dc -> 
  custom:container-muxer-webm: aa71ff27fc2769a1b78a27578f13a17b -> 
  custom:container-demuxer-webm: 4f35f7cbe854078d1ac9338744f61a02 -> 
  custom:container-demuxer-ogg: 62fdf1f143b41e24485cea50d1cbac27 -> 
  custom:video-encoder-webm-vp8: eb34c28f22e8b96e1ab97ce403110664 -> 
  custom:video-decoder-webm-vp8: 9c59270c3fd7afecdb556c50c9e8de78 -> 
  custom:audio-decoder-ogg-vorbis: bf7c407c2cedff20999df2af8eb42d56 -> 
  custom:audio-encoder-webm-vorbis: bf7c407c2cedff20999df2af8eb42d56 -> 
========================================================================
Received Prepare
Registering precompiled user dll's ...
Registered in 0.000362 seconds.
Begin MonoManager ReloadAssembly
Native extension for WindowsStandalone target not found
Refreshing native plugins compatible for Editor in 0.25 ms, found 0 plugins.
Preloading 0 native plugins for Editor in 0.00 ms.
Mono: successfully reloaded assembly
- Completed reload, in  0.503 seconds
Platform modules already initialized, skipping
Refreshing native plugins compatible for Editor in 0.12 ms, found 0 plugins.
Preloading 0 native plugins for Editor in 0.00 ms.
Unloading 640 Unused Serialized files (Serialized files now loaded: 0)
System memory in use before: 64.0 MB.
System memory in use after: 64.0 MB.

Unloading 5 unused Assets to reduce memory usage. Loaded Objects now: 1165.
Total: 1.142800 ms (FindLiveObjects: 0.075300 ms CreateObjectMapping: 0.013300 ms MarkObjects: 1.017200 ms  DeleteObjects: 0.036500 ms)

AssetImportParameters requested are different than current active one (requested -> active):
  custom:framework-win-MediaFoundation: 216162199b28c13a410421893ffa2e32 -> 
  custom:video-decoder-ogg-theora: a1e56fd34408186e4bbccfd4996cb3dc -> 
  custom:container-muxer-webm: aa71ff27fc2769a1b78a27578f13a17b -> 
  custom:container-demuxer-webm: 4f35f7cbe854078d1ac9338744f61a02 -> 
  custom:container-demuxer-ogg: 62fdf1f143b41e24485cea50d1cbac27 -> 
  custom:video-encoder-webm-vp8: eb34c28f22e8b96e1ab97ce403110664 -> 
  custom:video-decoder-webm-vp8: 9c59270c3fd7afecdb556c50c9e8de78 -> 
  custom:audio-decoder-ogg-vorbis: bf7c407c2cedff20999df2af8eb42d56 -> 
  custom:audio-encoder-webm-vorbis: bf7c407c2cedff20999df2af8eb42d56 -> 
========================================================================
Received Prepare
Registering precompiled user dll's ...
Registered in 0.000383 seconds.
Begin MonoManager ReloadAssembly
Native extension for WindowsStandalone target not found
Refreshing native plugins compatible for Editor in 0.13 ms, found 0 plugins.
Preloading 0 native plugins for Editor in 0.00 ms.
Mono: successfully reloaded assembly
- Completed reload, in  0.469 seconds
Platform modules already initialized, skipping
Refreshing native plugins compatible for Editor in 0.18 ms, found 0 plugins.
Preloading 0 native plugins for Editor in 0.00 ms.
Unloading 640 Unused Serialized files (Serialized files now loaded: 0)
System memory in use before: 64.0 MB.
System memory in use after: 64.0 MB.

Unloading 5 unused Assets to reduce memory usage. Loaded Objects now: 1167.
Total: 1.278900 ms (FindLiveObjects: 0.081300 ms CreateObjectMapping: 0.015500 ms MarkObjects: 1.136000 ms  DeleteObjects: 0.045700 ms)

AssetImportParameters requested are different than current active one (requested -> active):
  custom:framework-win-MediaFoundation: 216162199b28c13a410421893ffa2e32 -> 
  custom:video-decoder-ogg-theora: a1e56fd34408186e4bbccfd4996cb3dc -> 
  custom:container-muxer-webm: aa71ff27fc2769a1b78a27578f13a17b -> 
  custom:container-demuxer-webm: 4f35f7cbe854078d1ac9338744f61a02 -> 
  custom:container-demuxer-ogg: 62fdf1f143b41e24485cea50d1cbac27 -> 
  custom:video-encoder-webm-vp8: eb34c28f22e8b96e1ab97ce403110664 -> 
  custom:video-decoder-webm-vp8: 9c59270c3fd7afecdb556c50c9e8de78 -> 
  custom:audio-decoder-ogg-vorbis: bf7c407c2cedff20999df2af8eb42d56 -> 
  custom:audio-encoder-webm-vorbis: bf7c407c2cedff20999df2af8eb42d56 -> 
========================================================================
Received Prepare
Registering precompiled user dll's ...
Registered in 0.000494 seconds.
Begin MonoManager ReloadAssembly
Native extension for WindowsStandalone target not found
Refreshing native plugins compatible for Editor in 0.13 ms, found 0 plugins.
Preloading 0 native plugins for Editor in 0.00 ms.
Mono: successfully reloaded assembly
- Completed reload, in  0.480 seconds
Platform modules already initialized, skipping
Refreshing native plugins compatible for Editor in 0.12 ms, found 0 plugins.
Preloading 0 native plugins for Editor in 0.00 ms.
Unloading 640 Unused Serialized files (Serialized files now loaded: 0)
System memory in use before: 64.0 MB.
System memory in use after: 64.0 MB.

Unloading 5 unused Assets to reduce memory usage. Loaded Objects now: 1169.
Total: 1.180500 ms (FindLiveObjects: 0.075600 ms CreateObjectMapping: 0.012900 ms MarkObjects: 1.053400 ms  DeleteObjects: 0.038100 ms)

AssetImportParameters requested are different than current active one (requested -> active):
  custom:framework-win-MediaFoundation: 216162199b28c13a410421893ffa2e32 -> 
  custom:video-decoder-ogg-theora: a1e56fd34408186e4bbccfd4996cb3dc -> 
  custom:container-muxer-webm: aa71ff27fc2769a1b78a27578f13a17b -> 
  custom:container-demuxer-webm: 4f35f7cbe854078d1ac9338744f61a02 -> 
  custom:container-demuxer-ogg: 62fdf1f143b41e24485cea50d1cbac27 -> 
  custom:video-encoder-webm-vp8: eb34c28f22e8b96e1ab97ce403110664 -> 
  custom:video-decoder-webm-vp8: 9c59270c3fd7afecdb556c50c9e8de78 -> 
  custom:audio-decoder-ogg-vorbis: bf7c407c2cedff20999df2af8eb42d56 -> 
  custom:audio-encoder-webm-vorbis: bf7c407c2cedff20999df2af8eb42d56 -> 
========================================================================
Received Prepare
Registering precompiled user dll's ...
Registered in 0.000364 seconds.
Begin MonoManager ReloadAssembly
Native extension for WindowsStandalone target not found
Refreshing native plugins compatible for Editor in 0.20 ms, found 0 plugins.
Preloading 0 native plugins for Editor in 0.00 ms.
Mono: successfully reloaded assembly
- Completed reload, in  0.473 seconds
Platform modules already initialized, skipping
Refreshing native plugins compatible for Editor in 0.13 ms, found 0 plugins.
Preloading 0 native plugins for Editor in 0.00 ms.
Unloading 640 Unused Serialized files (Serialized files now loaded: 0)
System memory in use before: 64.0 MB.
System memory in use after: 64.0 MB.

Unloading 5 unused Assets to reduce memory usage. Loaded Objects now: 1171.
Total: 1.189500 ms (FindLiveObjects: 0.081800 ms CreateObjectMapping: 0.012600 ms MarkObjects: 1.051700 ms  DeleteObjects: 0.042700 ms)

AssetImportParameters requested are different than current active one (requested -> active):
  custom:framework-win-MediaFoundation: 216162199b28c13a410421893ffa2e32 -> 
  custom:video-decoder-ogg-theora: a1e56fd34408186e4bbccfd4996cb3dc -> 
  custom:container-muxer-webm: aa71ff27fc2769a1b78a27578f13a17b -> 
  custom:container-demuxer-webm: 4f35f7cbe854078d1ac9338744f61a02 -> 
  custom:container-demuxer-ogg: 62fdf1f143b41e24485cea50d1cbac27 -> 
  custom:video-encoder-webm-vp8: eb34c28f22e8b96e1ab97ce403110664 -> 
  custom:video-decoder-webm-vp8: 9c59270c3fd7afecdb556c50c9e8de78 -> 
  custom:audio-decoder-ogg-vorbis: bf7c407c2cedff20999df2af8eb42d56 -> 
  custom:audio-encoder-webm-vorbis: bf7c407c2cedff20999df2af8eb42d56 -> 
========================================================================
Received Prepare
Registering precompiled user dll's ...
Registered in 0.000354 seconds.
Begin MonoManager ReloadAssembly
Native extension for WindowsStandalone target not found
Refreshing native plugins compatible for Editor in 0.14 ms, found 0 plugins.
Preloading 0 native plugins for Editor in 0.00 ms.
Mono: successfully reloaded assembly
- Completed reload, in  0.464 seconds
Platform modules already initialized, skipping
Refreshing native plugins compatible for Editor in 0.13 ms, found 0 plugins.
Preloading 0 native plugins for Editor in 0.00 ms.
Unloading 640 Unused Serialized files (Serialized files now loaded: 0)
System memory in use before: 64.0 MB.
System memory in use after: 64.0 MB.

Unloading 5 unused Assets to reduce memory usage. Loaded Objects now: 1173.
Total: 1.242100 ms (FindLiveObjects: 0.080000 ms CreateObjectMapping: 0.016900 ms MarkObjects: 1.106200 ms  DeleteObjects: 0.038400 ms)

AssetImportParameters requested are different than current active one (requested -> active):
  custom:framework-win-MediaFoundation: 216162199b28c13a410421893ffa2e32 -> 
  custom:video-decoder-ogg-theora: a1e56fd34408186e4bbccfd4996cb3dc -> 
  custom:container-muxer-webm: aa71ff27fc2769a1b78a27578f13a17b -> 
  custom:container-demuxer-webm: 4f35f7cbe854078d1ac9338744f61a02 -> 
  custom:container-demuxer-ogg: 62fdf1f143b41e24485cea50d1cbac27 -> 
  custom:video-encoder-webm-vp8: eb34c28f22e8b96e1ab97ce403110664 -> 
  custom:video-decoder-webm-vp8: 9c59270c3fd7afecdb556c50c9e8de78 -> 
  custom:audio-decoder-ogg-vorbis: bf7c407c2cedff20999df2af8eb42d56 -> 
  custom:audio-encoder-webm-vorbis: bf7c407c2cedff20999df2af8eb42d56 -> 
========================================================================
Received Prepare
Registering precompiled user dll's ...
Registered in 0.000387 seconds.
Begin MonoManager ReloadAssembly
Native extension for WindowsStandalone target not found
Refreshing native plugins compatible for Editor in 0.20 ms, found 0 plugins.
Preloading 0 native plugins for Editor in 0.00 ms.
Mono: successfully reloaded assembly
- Completed reload, in  0.481 seconds
Platform modules already initialized, skipping
Refreshing native plugins compatible for Editor in 0.13 ms, found 0 plugins.
Preloading 0 native plugins for Editor in 0.00 ms.
Unloading 640 Unused Serialized files (Serialized files now loaded: 0)
System memory in use before: 64.0 MB.
System memory in use after: 64.0 MB.

Unloading 5 unused Assets to reduce memory usage. Loaded Objects now: 1175.
Total: 1.210100 ms (FindLiveObjects: 0.082300 ms CreateObjectMapping: 0.014000 ms MarkObjects: 1.072200 ms  DeleteObjects: 0.040900 ms)

AssetImportParameters requested are different than current active one (requested -> active):
  custom:framework-win-MediaFoundation: 216162199b28c13a410421893ffa2e32 -> 
  custom:video-decoder-ogg-theora: a1e56fd34408186e4bbccfd4996cb3dc -> 
  custom:container-muxer-webm: aa71ff27fc2769a1b78a27578f13a17b -> 
  custom:container-demuxer-webm: 4f35f7cbe854078d1ac9338744f61a02 -> 
  custom:container-demuxer-ogg: 62fdf1f143b41e24485cea50d1cbac27 -> 
  custom:video-encoder-webm-vp8: eb34c28f22e8b96e1ab97ce403110664 -> 
  custom:video-decoder-webm-vp8: 9c59270c3fd7afecdb556c50c9e8de78 -> 
  custom:audio-decoder-ogg-vorbis: bf7c407c2cedff20999df2af8eb42d56 -> 
  custom:audio-encoder-webm-vorbis: bf7c407c2cedff20999df2af8eb42d56 -> 
========================================================================
Received Prepare
Registering precompiled user dll's ...
Registered in 0.000356 seconds.
Begin MonoManager ReloadAssembly
Native extension for WindowsStandalone target not found
Refreshing native plugins compatible for Editor in 0.12 ms, found 0 plugins.
Preloading 0 native plugins for Editor in 0.00 ms.
Mono: successfully reloaded assembly
- Completed reload, in  0.501 seconds
Platform modules already initialized, skipping
Refreshing native plugins compatible for Editor in 0.12 ms, found 0 plugins.
Preloading 0 native plugins for Editor in 0.00 ms.
Unloading 640 Unused Serialized files (Serialized files now loaded: 0)
System memory in use before: 64.0 MB.
System memory in use after: 64.0 MB.

Unloading 5 unused Assets to reduce memory usage. Loaded Objects now: 1177.
Total: 1.156000 ms (FindLiveObjects: 0.075400 ms CreateObjectMapping: 0.012400 ms MarkObjects: 1.029600 ms  DeleteObjects: 0.038000 ms)

AssetImportParameters requested are different than current active one (requested -> active):
  custom:framework-win-MediaFoundation: 216162199b28c13a410421893ffa2e32 -> 
  custom:video-decoder-ogg-theora: a1e56fd34408186e4bbccfd4996cb3dc -> 
  custom:container-muxer-webm: aa71ff27fc2769a1b78a27578f13a17b -> 
  custom:container-demuxer-webm: 4f35f7cbe854078d1ac9338744f61a02 -> 
  custom:container-demuxer-ogg: 62fdf1f143b41e24485cea50d1cbac27 -> 
  custom:video-encoder-webm-vp8: eb34c28f22e8b96e1ab97ce403110664 -> 
  custom:video-decoder-webm-vp8: 9c59270c3fd7afecdb556c50c9e8de78 -> 
  custom:audio-decoder-ogg-vorbis: bf7c407c2cedff20999df2af8eb42d56 -> 
  custom:audio-encoder-webm-vorbis: bf7c407c2cedff20999df2af8eb42d56 -> 
========================================================================
Received Prepare
Registering precompiled user dll's ...
Registered in 0.000488 seconds.
Begin MonoManager ReloadAssembly
Native extension for WindowsStandalone target not found
Refreshing native plugins compatible for Editor in 0.13 ms, found 0 plugins.
Preloading 0 native plugins for Editor in 0.00 ms.
Mono: successfully reloaded assembly
- Completed reload, in  0.468 seconds
Platform modules already initialized, skipping
Refreshing native plugins compatible for Editor in 0.13 ms, found 0 plugins.
Preloading 0 native plugins for Editor in 0.00 ms.
Unloading 640 Unused Serialized files (Serialized files now loaded: 0)
System memory in use before: 64.0 MB.
System memory in use after: 64.0 MB.

Unloading 5 unused Assets to reduce memory usage. Loaded Objects now: 1179.
Total: 1.169900 ms (FindLiveObjects: 0.094200 ms CreateObjectMapping: 0.015700 ms MarkObjects: 1.019700 ms  DeleteObjects: 0.039500 ms)

AssetImportParameters requested are different than current active one (requested -> active):
  custom:framework-win-MediaFoundation: 216162199b28c13a410421893ffa2e32 -> 
  custom:video-decoder-ogg-theora: a1e56fd34408186e4bbccfd4996cb3dc -> 
  custom:container-muxer-webm: aa71ff27fc2769a1b78a27578f13a17b -> 
  custom:container-demuxer-webm: 4f35f7cbe854078d1ac9338744f61a02 -> 
  custom:container-demuxer-ogg: 62fdf1f143b41e24485cea50d1cbac27 -> 
  custom:video-encoder-webm-vp8: eb34c28f22e8b96e1ab97ce403110664 -> 
  custom:video-decoder-webm-vp8: 9c59270c3fd7afecdb556c50c9e8de78 -> 
  custom:audio-decoder-ogg-vorbis: bf7c407c2cedff20999df2af8eb42d56 -> 
  custom:audio-encoder-webm-vorbis: bf7c407c2cedff20999df2af8eb42d56 -> 
========================================================================
Received Prepare
Registering precompiled user dll's ...
Registered in 0.000360 seconds.
Begin MonoManager ReloadAssembly
Native extension for WindowsStandalone target not found
Refreshing native plugins compatible for Editor in 0.14 ms, found 0 plugins.
Preloading 0 native plugins for Editor in 0.00 ms.
Mono: successfully reloaded assembly
- Completed reload, in  0.464 seconds
Platform modules already initialized, skipping
Refreshing native plugins compatible for Editor in 0.12 ms, found 0 plugins.
Preloading 0 native plugins for Editor in 0.00 ms.
Unloading 640 Unused Serialized files (Serialized files now loaded: 0)
System memory in use before: 64.0 MB.
System memory in use after: 64.0 MB.

Unloading 5 unused Assets to reduce memory usage. Loaded Objects now: 1181.
Total: 1.194700 ms (FindLiveObjects: 0.101600 ms CreateObjectMapping: 0.017700 ms MarkObjects: 1.035300 ms  DeleteObjects: 0.039600 ms)

AssetImportParameters requested are different than current active one (requested -> active):
  custom:framework-win-MediaFoundation: 216162199b28c13a410421893ffa2e32 -> 
  custom:video-decoder-ogg-theora: a1e56fd34408186e4bbccfd4996cb3dc -> 
  custom:container-muxer-webm: aa71ff27fc2769a1b78a27578f13a17b -> 
  custom:container-demuxer-webm: 4f35f7cbe854078d1ac9338744f61a02 -> 
  custom:container-demuxer-ogg: 62fdf1f143b41e24485cea50d1cbac27 -> 
  custom:video-encoder-webm-vp8: eb34c28f22e8b96e1ab97ce403110664 -> 
  custom:video-decoder-webm-vp8: 9c59270c3fd7afecdb556c50c9e8de78 -> 
  custom:audio-decoder-ogg-vorbis: bf7c407c2cedff20999df2af8eb42d56 -> 
  custom:audio-encoder-webm-vorbis: bf7c407c2cedff20999df2af8eb42d56 -> 
========================================================================
Received Import Request.
  Time since last request: 814.203058 seconds.
  path: Assets/ToonyTinyPeople/TT_soldiers_Demo/Demo_sample_scene/animation_samples/weapon_idle.controller
  artifactKey: Guid(94d76f859419a5048a2d6cf80ef45f88) Importer(815301076,1909f56bfc062723c751e8b465ee728b)
Start importing Assets/ToonyTinyPeople/TT_soldiers_Demo/Demo_sample_scene/animation_samples/weapon_idle.controller using Guid(94d76f859419a5048a2d6cf80ef45f88) Importer(815301076,1909f56bfc062723c751e8b465ee728b)  -> (artifact id: 'ce76a9c8d043111de8b144dc22de765e') in 0.049228 seconds 
  Import took 0.050639 seconds .

========================================================================
Received Prepare
Registering precompiled user dll's ...
Registered in 0.000371 seconds.
Begin MonoManager ReloadAssembly
Native extension for WindowsStandalone target not found
Refreshing native plugins compatible for Editor in 0.13 ms, found 0 plugins.
Preloading 0 native plugins for Editor in 0.00 ms.
Mono: successfully reloaded assembly
- Completed reload, in  0.494 seconds
Platform modules already initialized, skipping
Refreshing native plugins compatible for Editor in 0.17 ms, found 0 plugins.
Preloading 0 native plugins for Editor in 0.00 ms.
Unloading 640 Unused Serialized files (Serialized files now loaded: 0)
System memory in use before: 64.0 MB.
System memory in use after: 64.0 MB.

Unloading 5 unused Assets to reduce memory usage. Loaded Objects now: 1183.
Total: 1.187500 ms (FindLiveObjects: 0.080900 ms CreateObjectMapping: 0.014300 ms MarkObjects: 1.046900 ms  DeleteObjects: 0.044700 ms)

AssetImportParameters requested are different than current active one (requested -> active):
  custom:framework-win-MediaFoundation: 216162199b28c13a410421893ffa2e32 -> 
  custom:video-decoder-ogg-theora: a1e56fd34408186e4bbccfd4996cb3dc -> 
  custom:container-muxer-webm: aa71ff27fc2769a1b78a27578f13a17b -> 
  custom:container-demuxer-webm: 4f35f7cbe854078d1ac9338744f61a02 -> 
  custom:container-demuxer-ogg: 62fdf1f143b41e24485cea50d1cbac27 -> 
  custom:video-encoder-webm-vp8: eb34c28f22e8b96e1ab97ce403110664 -> 
  custom:video-decoder-webm-vp8: 9c59270c3fd7afecdb556c50c9e8de78 -> 
  custom:audio-decoder-ogg-vorbis: bf7c407c2cedff20999df2af8eb42d56 -> 
  custom:audio-encoder-webm-vorbis: bf7c407c2cedff20999df2af8eb42d56 -> 
========================================================================
Received Prepare
Registering precompiled user dll's ...
Registered in 0.000365 seconds.
Begin MonoManager ReloadAssembly
Native extension for WindowsStandalone target not found
Refreshing native plugins compatible for Editor in 0.15 ms, found 0 plugins.
Preloading 0 native plugins for Editor in 0.00 ms.
Mono: successfully reloaded assembly
- Completed reload, in  0.508 seconds
Platform modules already initialized, skipping
Refreshing native plugins compatible for Editor in 0.13 ms, found 0 plugins.
Preloading 0 native plugins for Editor in 0.00 ms.
Unloading 640 Unused Serialized files (Serialized files now loaded: 0)
System memory in use before: 64.0 MB.
System memory in use after: 64.0 MB.

Unloading 5 unused Assets to reduce memory usage. Loaded Objects now: 1185.
Total: 1.186600 ms (FindLiveObjects: 0.078100 ms CreateObjectMapping: 0.012700 ms MarkObjects: 1.055400 ms  DeleteObjects: 0.039800 ms)

AssetImportParameters requested are different than current active one (requested -> active):
  custom:framework-win-MediaFoundation: 216162199b28c13a410421893ffa2e32 -> 
  custom:video-decoder-ogg-theora: a1e56fd34408186e4bbccfd4996cb3dc -> 
  custom:container-muxer-webm: aa71ff27fc2769a1b78a27578f13a17b -> 
  custom:container-demuxer-webm: 4f35f7cbe854078d1ac9338744f61a02 -> 
  custom:container-demuxer-ogg: 62fdf1f143b41e24485cea50d1cbac27 -> 
  custom:video-encoder-webm-vp8: eb34c28f22e8b96e1ab97ce403110664 -> 
  custom:video-decoder-webm-vp8: 9c59270c3fd7afecdb556c50c9e8de78 -> 
  custom:audio-decoder-ogg-vorbis: bf7c407c2cedff20999df2af8eb42d56 -> 
  custom:audio-encoder-webm-vorbis: bf7c407c2cedff20999df2af8eb42d56 -> 
========================================================================
Received Prepare
Registering precompiled user dll's ...
Registered in 0.000406 seconds.
Begin MonoManager ReloadAssembly
Native extension for WindowsStandalone target not found
Refreshing native plugins compatible for Editor in 0.15 ms, found 0 plugins.
Preloading 0 native plugins for Editor in 0.00 ms.
Mono: successfully reloaded assembly
- Completed reload, in  0.516 seconds
Platform modules already initialized, skipping
Refreshing native plugins compatible for Editor in 0.13 ms, found 0 plugins.
Preloading 0 native plugins for Editor in 0.00 ms.
Unloading 640 Unused Serialized files (Serialized files now loaded: 0)
System memory in use before: 64.0 MB.
System memory in use after: 64.0 MB.

Unloading 5 unused Assets to reduce memory usage. Loaded Objects now: 1187.
Total: 1.698900 ms (FindLiveObjects: 0.170500 ms CreateObjectMapping: 0.026700 ms MarkObjects: 1.452500 ms  DeleteObjects: 0.047700 ms)

AssetImportParameters requested are different than current active one (requested -> active):
  custom:framework-win-MediaFoundation: 216162199b28c13a410421893ffa2e32 -> 
  custom:video-decoder-ogg-theora: a1e56fd34408186e4bbccfd4996cb3dc -> 
  custom:container-muxer-webm: aa71ff27fc2769a1b78a27578f13a17b -> 
  custom:container-demuxer-webm: 4f35f7cbe854078d1ac9338744f61a02 -> 
  custom:container-demuxer-ogg: 62fdf1f143b41e24485cea50d1cbac27 -> 
  custom:video-encoder-webm-vp8: eb34c28f22e8b96e1ab97ce403110664 -> 
  custom:video-decoder-webm-vp8: 9c59270c3fd7afecdb556c50c9e8de78 -> 
  custom:audio-decoder-ogg-vorbis: bf7c407c2cedff20999df2af8eb42d56 -> 
  custom:audio-encoder-webm-vorbis: bf7c407c2cedff20999df2af8eb42d56 -> 
========================================================================
Received Prepare
Registering precompiled user dll's ...
Registered in 0.000369 seconds.
Begin MonoManager ReloadAssembly
Native extension for WindowsStandalone target not found
Refreshing native plugins compatible for Editor in 0.13 ms, found 0 plugins.
Preloading 0 native plugins for Editor in 0.00 ms.
Mono: successfully reloaded assembly
- Completed reload, in  0.464 seconds
Platform modules already initialized, skipping
Refreshing native plugins compatible for Editor in 0.13 ms, found 0 plugins.
Preloading 0 native plugins for Editor in 0.00 ms.
Unloading 640 Unused Serialized files (Serialized files now loaded: 0)
System memory in use before: 64.0 MB.
System memory in use after: 64.1 MB.

Unloading 5 unused Assets to reduce memory usage. Loaded Objects now: 1189.
Total: 1.312500 ms (FindLiveObjects: 0.097300 ms CreateObjectMapping: 0.015700 ms MarkObjects: 1.157400 ms  DeleteObjects: 0.041300 ms)

AssetImportParameters requested are different than current active one (requested -> active):
  custom:framework-win-MediaFoundation: 216162199b28c13a410421893ffa2e32 -> 
  custom:video-decoder-ogg-theora: a1e56fd34408186e4bbccfd4996cb3dc -> 
  custom:container-muxer-webm: aa71ff27fc2769a1b78a27578f13a17b -> 
  custom:container-demuxer-webm: 4f35f7cbe854078d1ac9338744f61a02 -> 
  custom:container-demuxer-ogg: 62fdf1f143b41e24485cea50d1cbac27 -> 
  custom:video-encoder-webm-vp8: eb34c28f22e8b96e1ab97ce403110664 -> 
  custom:video-decoder-webm-vp8: 9c59270c3fd7afecdb556c50c9e8de78 -> 
  custom:audio-decoder-ogg-vorbis: bf7c407c2cedff20999df2af8eb42d56 -> 
  custom:audio-encoder-webm-vorbis: bf7c407c2cedff20999df2af8eb42d56 -> 
AssetImportWorkerClient::OnTransportError - code=2 error=End of file
